<?xml version="1.0" encoding="UTF-8"?>
<!-- Generated by org.testng.reporters.JUnitXMLReporter -->
<testsuite ignored="0" hostname="DESKTOP-E7CUST6" failures="0" tests="4" name="Test2_Product" time="36.813" errors="0" timestamp="2025-12-04T18:02:54 IST">
  <testcase classname="Module4_Products_Test.SwagLabProductTest" name="verifyProductName" time="0.425"/>
  <testcase classname="Module4_Products_Test.SwagLabProductTest" name="verifyProductPrice" time="0.275"/>
  <testcase classname="Module4_Products_Test.SwagLabProductTest" name="verifyProductSize" time="0.152"/>
  <testcase classname="Module4_Products_Test.SwagLabProductTest" name="verifyProductTotalPrice" time="0.475"/>
</testsuite> <!-- Test2_Product -->
