<?xml version="1.0" encoding="UTF-8"?>
<!-- Generated by org.testng.reporters.JUnitReportReporter -->
<testsuite hostname="DESKTOP-E7CUST6" failures="0" tests="4" name="Module4_Products_Test.SwagLabProductTest" time="30.533" errors="0" timestamp="2025-12-04T18:02:54 IST" skipped="0">
  <testcase classname="Module4_Products_Test.SwagLabProductTest" name="verifyProductName" time="7.951"/>
  <testcase classname="Module4_Products_Test.SwagLabProductTest" name="verifyProductPrice" time="7.309"/>
  <testcase classname="Module4_Products_Test.SwagLabProductTest" name="verifyProductSize" time="7.422"/>
  <testcase classname="Module4_Products_Test.SwagLabProductTest" name="verifyProductTotalPrice" time="7.851"/>
</testsuite> <!-- Module4_Products_Test.SwagLabProductTest -->
